<?xml version="1.0" encoding="UTF-8"?>
<testng-results ignored="0" total="20" passed="18" failed="2" skipped="0">
  <reporter-output>
  </reporter-output>
  <suite started-at="2024-12-30T08:43:44 IST" name="Suite" finished-at="2024-12-30T08:47:15 IST" duration-ms="210841">
    <groups>
      <group name="Functional">
        <method signature="TC104_BookHotelTest.validlogin()[pri:1, instance:testCases.TC104_BookHotelTest@3d97a632]" name="validlogin" class="testCases.TC104_BookHotelTest"/>
        <method signature="TC104_BookHotelTest.bookhotel()[pri:2, instance:testCases.TC104_BookHotelTest@3d97a632]" name="bookhotel" class="testCases.TC104_BookHotelTest"/>
      </group> <!-- Functional -->
      <group name="Master">
        <method signature="TC105_EndToEndTest.BookingConfirmation()[pri:0, instance:testCases.TC105_EndToEndTest@616fe72b]" name="BookingConfirmation" class="testCases.TC105_EndToEndTest"/>
      </group> <!-- Master -->
      <group name="Sanity">
        <method signature="TC101_LoginTest.Validlogin()[pri:1, instance:testCases.TC101_LoginTest@a43ce46]" name="Validlogin" class="testCases.TC101_LoginTest"/>
      </group> <!-- Sanity -->
      <group name="Regression">
        <method signature="TC102_SearchHotelsTest.Valid_Search()[pri:1, instance:testCases.TC102_SearchHotelsTest@53f0a4cb]" name="Valid_Search" class="testCases.TC102_SearchHotelsTest"/>
        <method signature="TC103_SelectHotelTest.valid_selectHotel()[pri:1, instance:testCases.TC103_SelectHotelTest@77a7cf58]" name="valid_selectHotel" class="testCases.TC103_SelectHotelTest"/>
        <method signature="TC102_SearchHotelsTest.MandatoryFields_Only()[pri:2, instance:testCases.TC102_SearchHotelsTest@53f0a4cb]" name="MandatoryFields_Only" class="testCases.TC102_SearchHotelsTest"/>
        <method signature="TC103_SelectHotelTest.validate_searchhotel()[pri:2, instance:testCases.TC103_SelectHotelTest@77a7cf58]" name="validate_searchhotel" class="testCases.TC103_SelectHotelTest"/>
        <method signature="TC102_SearchHotelsTest.Past_CheckInDate()[pri:3, instance:testCases.TC102_SearchHotelsTest@53f0a4cb]" name="Past_CheckInDate" class="testCases.TC102_SearchHotelsTest"/>
        <method signature="TC103_SelectHotelTest.withoutSelect_hotel()[pri:3, instance:testCases.TC103_SelectHotelTest@77a7cf58]" name="withoutSelect_hotel" class="testCases.TC103_SelectHotelTest"/>
        <method signature="TC102_SearchHotelsTest.CheckOut_Before()[pri:4, instance:testCases.TC102_SearchHotelsTest@53f0a4cb]" name="CheckOut_Before" class="testCases.TC102_SearchHotelsTest"/>
        <method signature="TC103_SelectHotelTest.priceCalculation()[pri:4, instance:testCases.TC103_SelectHotelTest@77a7cf58]" name="priceCalculation" class="testCases.TC103_SelectHotelTest"/>
        <method signature="TC102_SearchHotelsTest.InvalidDate()[pri:5, instance:testCases.TC102_SearchHotelsTest@53f0a4cb]" name="InvalidDate" class="testCases.TC102_SearchHotelsTest"/>
        <method signature="TC102_SearchHotelsTest.InvalidDateFormat()[pri:6, instance:testCases.TC102_SearchHotelsTest@53f0a4cb]" name="InvalidDateFormat" class="testCases.TC102_SearchHotelsTest"/>
        <method signature="TC102_SearchHotelsTest.withoutLocation()[pri:7, instance:testCases.TC102_SearchHotelsTest@53f0a4cb]" name="withoutLocation" class="testCases.TC102_SearchHotelsTest"/>
      </group> <!-- Regression -->
      <group name="DataDriven">
        <method signature="TC101_LoginTestDDT.verify_loginDDT(java.lang.String,java.lang.String,java.lang.String)[pri:0, instance:testCases.TC101_LoginTestDDT@4d722ac9]" name="verify_loginDDT" class="testCases.TC101_LoginTestDDT"/>
      </group> <!-- DataDriven -->
    </groups>
    <test started-at="2024-12-30T08:43:44 IST" name="Test" finished-at="2024-12-30T08:47:15 IST" duration-ms="210841">
      <class name="testCases.TC105_EndToEndTest">
        <test-method is-config="true" signature="setup(java.lang.String,java.lang.String)[pri:0, instance:testCases.TC105_EndToEndTest@616fe72b]" started-at="2024-12-30T08:46:32 IST" name="setup" finished-at="2024-12-30T08:46:36 IST" duration-ms="3895" status="PASS">
          <params>
            <param index="0">
              <value>
                <![CDATA[Windows]]>
              </value>
            </param>
            <param index="1">
              <value>
                <![CDATA[chrome]]>
              </value>
            </param>
          </params>
          <reporter-output>
          </reporter-output>
        </test-method> <!-- setup -->
        <test-method signature="BookingConfirmation()[pri:0, instance:testCases.TC105_EndToEndTest@616fe72b]" started-at="2024-12-30T08:46:36 IST" name="BookingConfirmation" finished-at="2024-12-30T08:47:15 IST" duration-ms="39009" status="PASS">
          <reporter-output>
          </reporter-output>
        </test-method> <!-- BookingConfirmation -->
        <test-method is-config="true" signature="teardown()[pri:0, instance:testCases.TC105_EndToEndTest@616fe72b]" started-at="2024-12-30T08:47:15 IST" name="teardown" finished-at="2024-12-30T08:47:15 IST" duration-ms="219" status="PASS">
          <reporter-output>
          </reporter-output>
        </test-method> <!-- teardown -->
      </class> <!-- testCases.TC105_EndToEndTest -->
      <class name="testCases.TC102_SearchHotelsTest">
        <test-method is-config="true" signature="setup(java.lang.String,java.lang.String)[pri:0, instance:testCases.TC102_SearchHotelsTest@53f0a4cb]" started-at="2024-12-30T08:45:04 IST" name="setup" finished-at="2024-12-30T08:45:08 IST" duration-ms="4472" status="PASS">
          <params>
            <param index="0">
              <value>
                <![CDATA[Windows]]>
              </value>
            </param>
            <param index="1">
              <value>
                <![CDATA[chrome]]>
              </value>
            </param>
          </params>
          <reporter-output>
          </reporter-output>
        </test-method> <!-- setup -->
        <test-method is-config="true" signature="Login()[pri:0, instance:testCases.TC102_SearchHotelsTest@53f0a4cb]" started-at="2024-12-30T08:45:08 IST" name="Login" finished-at="2024-12-30T08:45:10 IST" duration-ms="1390" status="PASS">
          <reporter-output>
          </reporter-output>
        </test-method> <!-- Login -->
        <test-method signature="Valid_Search()[pri:1, instance:testCases.TC102_SearchHotelsTest@53f0a4cb]" started-at="2024-12-30T08:45:10 IST" name="Valid_Search" finished-at="2024-12-30T08:45:12 IST" duration-ms="2368" status="PASS">
          <reporter-output>
          </reporter-output>
        </test-method> <!-- Valid_Search -->
        <test-method is-config="true" signature="logout()[pri:0, instance:testCases.TC102_SearchHotelsTest@53f0a4cb]" started-at="2024-12-30T08:45:12 IST" name="logout" finished-at="2024-12-30T08:45:13 IST" duration-ms="995" status="PASS">
          <reporter-output>
          </reporter-output>
        </test-method> <!-- logout -->
        <test-method is-config="true" signature="Login()[pri:0, instance:testCases.TC102_SearchHotelsTest@53f0a4cb]" started-at="2024-12-30T08:45:13 IST" name="Login" finished-at="2024-12-30T08:45:14 IST" duration-ms="955" status="PASS">
          <reporter-output>
          </reporter-output>
        </test-method> <!-- Login -->
        <test-method signature="MandatoryFields_Only()[pri:2, instance:testCases.TC102_SearchHotelsTest@53f0a4cb]" started-at="2024-12-30T08:45:14 IST" name="MandatoryFields_Only" finished-at="2024-12-30T08:45:15 IST" duration-ms="1104" status="PASS">
          <reporter-output>
          </reporter-output>
        </test-method> <!-- MandatoryFields_Only -->
        <test-method is-config="true" signature="logout()[pri:0, instance:testCases.TC102_SearchHotelsTest@53f0a4cb]" started-at="2024-12-30T08:45:15 IST" name="logout" finished-at="2024-12-30T08:45:16 IST" duration-ms="992" status="PASS">
          <reporter-output>
          </reporter-output>
        </test-method> <!-- logout -->
        <test-method is-config="true" signature="Login()[pri:0, instance:testCases.TC102_SearchHotelsTest@53f0a4cb]" started-at="2024-12-30T08:45:16 IST" name="Login" finished-at="2024-12-30T08:45:17 IST" duration-ms="982" status="PASS">
          <reporter-output>
          </reporter-output>
        </test-method> <!-- Login -->
        <test-method signature="Past_CheckInDate()[pri:3, instance:testCases.TC102_SearchHotelsTest@53f0a4cb]" started-at="2024-12-30T08:45:17 IST" name="Past_CheckInDate" finished-at="2024-12-30T08:45:17 IST" duration-ms="387" status="PASS">
          <reporter-output>
          </reporter-output>
        </test-method> <!-- Past_CheckInDate -->
        <test-method is-config="true" signature="logout()[pri:0, instance:testCases.TC102_SearchHotelsTest@53f0a4cb]" started-at="2024-12-30T08:45:17 IST" name="logout" finished-at="2024-12-30T08:45:18 IST" duration-ms="1176" status="PASS">
          <reporter-output>
          </reporter-output>
        </test-method> <!-- logout -->
        <test-method is-config="true" signature="Login()[pri:0, instance:testCases.TC102_SearchHotelsTest@53f0a4cb]" started-at="2024-12-30T08:45:18 IST" name="Login" finished-at="2024-12-30T08:45:20 IST" duration-ms="1047" status="PASS">
          <reporter-output>
          </reporter-output>
        </test-method> <!-- Login -->
        <test-method signature="CheckOut_Before()[pri:4, instance:testCases.TC102_SearchHotelsTest@53f0a4cb]" started-at="2024-12-30T08:45:20 IST" name="CheckOut_Before" finished-at="2024-12-30T08:45:20 IST" duration-ms="463" status="PASS">
          <reporter-output>
          </reporter-output>
        </test-method> <!-- CheckOut_Before -->
        <test-method is-config="true" signature="logout()[pri:0, instance:testCases.TC102_SearchHotelsTest@53f0a4cb]" started-at="2024-12-30T08:45:20 IST" name="logout" finished-at="2024-12-30T08:45:22 IST" duration-ms="1601" status="PASS">
          <reporter-output>
          </reporter-output>
        </test-method> <!-- logout -->
        <test-method is-config="true" signature="Login()[pri:0, instance:testCases.TC102_SearchHotelsTest@53f0a4cb]" started-at="2024-12-30T08:45:22 IST" name="Login" finished-at="2024-12-30T08:45:23 IST" duration-ms="937" status="PASS">
          <reporter-output>
          </reporter-output>
        </test-method> <!-- Login -->
        <test-method signature="InvalidDate()[pri:5, instance:testCases.TC102_SearchHotelsTest@53f0a4cb]" started-at="2024-12-30T08:45:23 IST" name="InvalidDate" finished-at="2024-12-30T08:45:33 IST" duration-ms="10760" status="FAIL">
          <exception class="org.openqa.selenium.NoSuchElementException">
            <message>
              <![CDATA[no such element: Unable to locate element: {"method":"css selector","selector":"#checkin_span"}
  (Session info: chrome=131.0.6778.205)
For documentation on this error, please visit: https://www.selenium.dev/documentation/webdriver/troubleshooting/errors#no-such-element-exception
Build info: version: '4.26.0', revision: '8ccf0219d7'
System info: os.name: 'Windows 10', os.arch: 'amd64', os.version: '10.0', java.version: '22.0.1'
Driver info: org.openqa.selenium.chrome.ChromeDriver
Command: [e4bd2e9a60bddf571381739e4b251cf2, findElement {using=id, value=checkin_span}]
Capabilities {acceptInsecureCerts: false, browserName: chrome, browserVersion: 131.0.6778.205, chrome: {chromedriverVersion: 131.0.6778.204 (52183f9e99a..., userDataDir: C:\Users\Admin\AppData\Loca...}, fedcm:accounts: true, goog:chromeOptions: {debuggerAddress: localhost:54041}, networkConnectionEnabled: false, pageLoadStrategy: normal, platformName: windows, proxy: Proxy(), se:cdp: ws://localhost:54041/devtoo..., se:cdpVersion: 131.0.6778.205, setWindowRect: true, strictFileInteractability: false, timeouts: {implicit: 0, pageLoad: 300000, script: 30000}, unhandledPromptBehavior: dismiss and notify, webauthn:extension:credBlob: true, webauthn:extension:largeBlob: true, webauthn:extension:minPinLength: true, webauthn:extension:prf: true, webauthn:virtualAuthenticators: true}
Session ID: e4bd2e9a60bddf571381739e4b251cf2]]>
            </message>
            <full-stacktrace>
              <![CDATA[org.openqa.selenium.NoSuchElementException: no such element: Unable to locate element: {"method":"css selector","selector":"#checkin_span"}
  (Session info: chrome=131.0.6778.205)
For documentation on this error, please visit: https://www.selenium.dev/documentation/webdriver/troubleshooting/errors#no-such-element-exception
Build info: version: '4.26.0', revision: '8ccf0219d7'
System info: os.name: 'Windows 10', os.arch: 'amd64', os.version: '10.0', java.version: '22.0.1'
Driver info: org.openqa.selenium.chrome.ChromeDriver
Command: [e4bd2e9a60bddf571381739e4b251cf2, findElement {using=id, value=checkin_span}]
Capabilities {acceptInsecureCerts: false, browserName: chrome, browserVersion: 131.0.6778.205, chrome: {chromedriverVersion: 131.0.6778.204 (52183f9e99a..., userDataDir: C:\Users\Admin\AppData\Loca...}, fedcm:accounts: true, goog:chromeOptions: {debuggerAddress: localhost:54041}, networkConnectionEnabled: false, pageLoadStrategy: normal, platformName: windows, proxy: Proxy(), se:cdp: ws://localhost:54041/devtoo..., se:cdpVersion: 131.0.6778.205, setWindowRect: true, strictFileInteractability: false, timeouts: {implicit: 0, pageLoad: 300000, script: 30000}, unhandledPromptBehavior: dismiss and notify, webauthn:extension:credBlob: true, webauthn:extension:largeBlob: true, webauthn:extension:minPinLength: true, webauthn:extension:prf: true, webauthn:virtualAuthenticators: true}
Session ID: e4bd2e9a60bddf571381739e4b251cf2
at java.base/jdk.internal.reflect.DirectConstructorHandleAccessor.newInstance(DirectConstructorHandleAccessor.java:62)
at java.base/java.lang.reflect.Constructor.newInstanceWithCaller(Constructor.java:502)
at java.base/java.lang.reflect.Constructor.newInstance(Constructor.java:486)
at org.openqa.selenium.remote.ErrorCodec.decode(ErrorCodec.java:167)
at org.openqa.selenium.remote.codec.w3c.W3CHttpResponseCodec.decode(W3CHttpResponseCodec.java:138)
at org.openqa.selenium.remote.codec.w3c.W3CHttpResponseCodec.decode(W3CHttpResponseCodec.java:50)
at org.openqa.selenium.remote.HttpCommandExecutor.execute(HttpCommandExecutor.java:190)
at org.openqa.selenium.remote.service.DriverCommandExecutor.invokeExecute(DriverCommandExecutor.java:216)
at org.openqa.selenium.remote.service.DriverCommandExecutor.execute(DriverCommandExecutor.java:174)
at org.openqa.selenium.remote.RemoteWebDriver.execute(RemoteWebDriver.java:545)
at org.openqa.selenium.remote.ElementLocation$ElementFinder$2.findElement(ElementLocation.java:165)
at org.openqa.selenium.remote.ElementLocation.findElement(ElementLocation.java:59)
at org.openqa.selenium.remote.RemoteWebDriver.findElement(RemoteWebDriver.java:368)
at org.openqa.selenium.remote.RemoteWebDriver.findElement(RemoteWebDriver.java:362)
at org.openqa.selenium.support.pagefactory.DefaultElementLocator.findElement(DefaultElementLocator.java:68)
at org.openqa.selenium.support.pagefactory.internal.LocatingElementHandler.invoke(LocatingElementHandler.java:38)
at jdk.proxy2/jdk.proxy2.$Proxy20.getText(Unknown Source)
at pageObjects.SearchHotelPage.get_errorMsgIncorrectDate(SearchHotelPage.java:116)
at testCases.TC102_SearchHotelsTest.InvalidDate(TC102_SearchHotelsTest.java:94)
at java.base/jdk.internal.reflect.DirectMethodHandleAccessor.invoke(DirectMethodHandleAccessor.java:103)
at java.base/java.lang.reflect.Method.invoke(Method.java:580)
at org.testng.internal.invokers.MethodInvocationHelper.invokeMethod(MethodInvocationHelper.java:141)
at org.testng.internal.invokers.TestInvoker.invokeMethod(TestInvoker.java:686)
at org.testng.internal.invokers.TestInvoker.invokeTestMethod(TestInvoker.java:230)
at org.testng.internal.invokers.MethodRunner.runInSequence(MethodRunner.java:63)
at org.testng.internal.invokers.TestInvoker$MethodInvocationAgent.invoke(TestInvoker.java:992)
at org.testng.internal.invokers.TestInvoker.invokeTestMethods(TestInvoker.java:203)
at org.testng.internal.invokers.TestMethodWorker.invokeTestMethods(TestMethodWorker.java:154)
at org.testng.internal.invokers.TestMethodWorker.run(TestMethodWorker.java:134)
at java.base/java.util.ArrayList.forEach(ArrayList.java:1597)
at org.testng.TestRunner.privateRun(TestRunner.java:739)
at org.testng.TestRunner.run(TestRunner.java:614)
at org.testng.SuiteRunner.runTest(SuiteRunner.java:421)
at org.testng.SuiteRunner.runSequentially(SuiteRunner.java:413)
at org.testng.SuiteRunner.privateRun(SuiteRunner.java:373)
at org.testng.SuiteRunner.run(SuiteRunner.java:312)
at org.testng.SuiteRunnerWorker.runSuite(SuiteRunnerWorker.java:52)
at org.testng.SuiteRunnerWorker.run(SuiteRunnerWorker.java:95)
at org.testng.TestNG.runSuitesSequentially(TestNG.java:1274)
at org.testng.TestNG.runSuitesLocally(TestNG.java:1208)
at org.testng.TestNG.runSuites(TestNG.java:1112)
at org.testng.TestNG.run(TestNG.java:1079)
at org.testng.remote.AbstractRemoteTestNG.run(AbstractRemoteTestNG.java:115)
at org.testng.remote.RemoteTestNG.initAndRun(RemoteTestNG.java:293)
at org.testng.remote.RemoteTestNG.main(RemoteTestNG.java:91)
]]>
            </full-stacktrace>
          </exception> <!-- org.openqa.selenium.NoSuchElementException -->
          <reporter-output>
          </reporter-output>
        </test-method> <!-- InvalidDate -->
        <test-method is-config="true" signature="logout()[pri:0, instance:testCases.TC102_SearchHotelsTest@53f0a4cb]" started-at="2024-12-30T08:45:33 IST" name="logout" finished-at="2024-12-30T08:45:35 IST" duration-ms="1885" status="PASS">
          <reporter-output>
          </reporter-output>
        </test-method> <!-- logout -->
        <test-method is-config="true" signature="Login()[pri:0, instance:testCases.TC102_SearchHotelsTest@53f0a4cb]" started-at="2024-12-30T08:45:35 IST" name="Login" finished-at="2024-12-30T08:45:36 IST" duration-ms="1107" status="PASS">
          <reporter-output>
          </reporter-output>
        </test-method> <!-- Login -->
        <test-method signature="InvalidDateFormat()[pri:6, instance:testCases.TC102_SearchHotelsTest@53f0a4cb]" started-at="2024-12-30T08:45:36 IST" name="InvalidDateFormat" finished-at="2024-12-30T08:45:48 IST" duration-ms="11342" status="FAIL">
          <exception class="org.openqa.selenium.NoSuchElementException">
            <message>
              <![CDATA[no such element: Unable to locate element: {"method":"css selector","selector":"#checkin_span"}
  (Session info: chrome=131.0.6778.205)
For documentation on this error, please visit: https://www.selenium.dev/documentation/webdriver/troubleshooting/errors#no-such-element-exception
Build info: version: '4.26.0', revision: '8ccf0219d7'
System info: os.name: 'Windows 10', os.arch: 'amd64', os.version: '10.0', java.version: '22.0.1'
Driver info: org.openqa.selenium.chrome.ChromeDriver
Command: [e4bd2e9a60bddf571381739e4b251cf2, findElement {using=id, value=checkin_span}]
Capabilities {acceptInsecureCerts: false, browserName: chrome, browserVersion: 131.0.6778.205, chrome: {chromedriverVersion: 131.0.6778.204 (52183f9e99a..., userDataDir: C:\Users\Admin\AppData\Loca...}, fedcm:accounts: true, goog:chromeOptions: {debuggerAddress: localhost:54041}, networkConnectionEnabled: false, pageLoadStrategy: normal, platformName: windows, proxy: Proxy(), se:cdp: ws://localhost:54041/devtoo..., se:cdpVersion: 131.0.6778.205, setWindowRect: true, strictFileInteractability: false, timeouts: {implicit: 0, pageLoad: 300000, script: 30000}, unhandledPromptBehavior: dismiss and notify, webauthn:extension:credBlob: true, webauthn:extension:largeBlob: true, webauthn:extension:minPinLength: true, webauthn:extension:prf: true, webauthn:virtualAuthenticators: true}
Session ID: e4bd2e9a60bddf571381739e4b251cf2]]>
            </message>
            <full-stacktrace>
              <![CDATA[org.openqa.selenium.NoSuchElementException: no such element: Unable to locate element: {"method":"css selector","selector":"#checkin_span"}
  (Session info: chrome=131.0.6778.205)
For documentation on this error, please visit: https://www.selenium.dev/documentation/webdriver/troubleshooting/errors#no-such-element-exception
Build info: version: '4.26.0', revision: '8ccf0219d7'
System info: os.name: 'Windows 10', os.arch: 'amd64', os.version: '10.0', java.version: '22.0.1'
Driver info: org.openqa.selenium.chrome.ChromeDriver
Command: [e4bd2e9a60bddf571381739e4b251cf2, findElement {using=id, value=checkin_span}]
Capabilities {acceptInsecureCerts: false, browserName: chrome, browserVersion: 131.0.6778.205, chrome: {chromedriverVersion: 131.0.6778.204 (52183f9e99a..., userDataDir: C:\Users\Admin\AppData\Loca...}, fedcm:accounts: true, goog:chromeOptions: {debuggerAddress: localhost:54041}, networkConnectionEnabled: false, pageLoadStrategy: normal, platformName: windows, proxy: Proxy(), se:cdp: ws://localhost:54041/devtoo..., se:cdpVersion: 131.0.6778.205, setWindowRect: true, strictFileInteractability: false, timeouts: {implicit: 0, pageLoad: 300000, script: 30000}, unhandledPromptBehavior: dismiss and notify, webauthn:extension:credBlob: true, webauthn:extension:largeBlob: true, webauthn:extension:minPinLength: true, webauthn:extension:prf: true, webauthn:virtualAuthenticators: true}
Session ID: e4bd2e9a60bddf571381739e4b251cf2
at java.base/jdk.internal.reflect.DirectConstructorHandleAccessor.newInstance(DirectConstructorHandleAccessor.java:62)
at java.base/java.lang.reflect.Constructor.newInstanceWithCaller(Constructor.java:502)
at java.base/java.lang.reflect.Constructor.newInstance(Constructor.java:486)
at org.openqa.selenium.remote.ErrorCodec.decode(ErrorCodec.java:167)
at org.openqa.selenium.remote.codec.w3c.W3CHttpResponseCodec.decode(W3CHttpResponseCodec.java:138)
at org.openqa.selenium.remote.codec.w3c.W3CHttpResponseCodec.decode(W3CHttpResponseCodec.java:50)
at org.openqa.selenium.remote.HttpCommandExecutor.execute(HttpCommandExecutor.java:190)
at org.openqa.selenium.remote.service.DriverCommandExecutor.invokeExecute(DriverCommandExecutor.java:216)
at org.openqa.selenium.remote.service.DriverCommandExecutor.execute(DriverCommandExecutor.java:174)
at org.openqa.selenium.remote.RemoteWebDriver.execute(RemoteWebDriver.java:545)
at org.openqa.selenium.remote.ElementLocation$ElementFinder$2.findElement(ElementLocation.java:165)
at org.openqa.selenium.remote.ElementLocation.findElement(ElementLocation.java:59)
at org.openqa.selenium.remote.RemoteWebDriver.findElement(RemoteWebDriver.java:368)
at org.openqa.selenium.remote.RemoteWebDriver.findElement(RemoteWebDriver.java:362)
at org.openqa.selenium.support.pagefactory.DefaultElementLocator.findElement(DefaultElementLocator.java:68)
at org.openqa.selenium.support.pagefactory.internal.LocatingElementHandler.invoke(LocatingElementHandler.java:38)
at jdk.proxy2/jdk.proxy2.$Proxy20.getText(Unknown Source)
at pageObjects.SearchHotelPage.get_errorMsgIncorrectDate(SearchHotelPage.java:116)
at testCases.TC102_SearchHotelsTest.InvalidDateFormat(TC102_SearchHotelsTest.java:106)
at java.base/jdk.internal.reflect.DirectMethodHandleAccessor.invoke(DirectMethodHandleAccessor.java:103)
at java.base/java.lang.reflect.Method.invoke(Method.java:580)
at org.testng.internal.invokers.MethodInvocationHelper.invokeMethod(MethodInvocationHelper.java:141)
at org.testng.internal.invokers.TestInvoker.invokeMethod(TestInvoker.java:686)
at org.testng.internal.invokers.TestInvoker.invokeTestMethod(TestInvoker.java:230)
at org.testng.internal.invokers.MethodRunner.runInSequence(MethodRunner.java:63)
at org.testng.internal.invokers.TestInvoker$MethodInvocationAgent.invoke(TestInvoker.java:992)
at org.testng.internal.invokers.TestInvoker.invokeTestMethods(TestInvoker.java:203)
at org.testng.internal.invokers.TestMethodWorker.invokeTestMethods(TestMethodWorker.java:154)
at org.testng.internal.invokers.TestMethodWorker.run(TestMethodWorker.java:134)
at java.base/java.util.ArrayList.forEach(ArrayList.java:1597)
at org.testng.TestRunner.privateRun(TestRunner.java:739)
at org.testng.TestRunner.run(TestRunner.java:614)
at org.testng.SuiteRunner.runTest(SuiteRunner.java:421)
at org.testng.SuiteRunner.runSequentially(SuiteRunner.java:413)
at org.testng.SuiteRunner.privateRun(SuiteRunner.java:373)
at org.testng.SuiteRunner.run(SuiteRunner.java:312)
at org.testng.SuiteRunnerWorker.runSuite(SuiteRunnerWorker.java:52)
at org.testng.SuiteRunnerWorker.run(SuiteRunnerWorker.java:95)
at org.testng.TestNG.runSuitesSequentially(TestNG.java:1274)
at org.testng.TestNG.runSuitesLocally(TestNG.java:1208)
at org.testng.TestNG.runSuites(TestNG.java:1112)
at org.testng.TestNG.run(TestNG.java:1079)
at org.testng.remote.AbstractRemoteTestNG.run(AbstractRemoteTestNG.java:115)
at org.testng.remote.RemoteTestNG.initAndRun(RemoteTestNG.java:293)
at org.testng.remote.RemoteTestNG.main(RemoteTestNG.java:91)
]]>
            </full-stacktrace>
          </exception> <!-- org.openqa.selenium.NoSuchElementException -->
          <reporter-output>
          </reporter-output>
        </test-method> <!-- InvalidDateFormat -->
        <test-method is-config="true" signature="logout()[pri:0, instance:testCases.TC102_SearchHotelsTest@53f0a4cb]" started-at="2024-12-30T08:45:48 IST" name="logout" finished-at="2024-12-30T08:45:50 IST" duration-ms="1612" status="PASS">
          <reporter-output>
          </reporter-output>
        </test-method> <!-- logout -->
        <test-method is-config="true" signature="Login()[pri:0, instance:testCases.TC102_SearchHotelsTest@53f0a4cb]" started-at="2024-12-30T08:45:50 IST" name="Login" finished-at="2024-12-30T08:45:51 IST" duration-ms="1816" status="PASS">
          <reporter-output>
          </reporter-output>
        </test-method> <!-- Login -->
        <test-method signature="withoutLocation()[pri:7, instance:testCases.TC102_SearchHotelsTest@53f0a4cb]" started-at="2024-12-30T08:45:51 IST" name="withoutLocation" finished-at="2024-12-30T08:45:52 IST" duration-ms="555" status="PASS">
          <reporter-output>
          </reporter-output>
        </test-method> <!-- withoutLocation -->
        <test-method is-config="true" signature="logout()[pri:0, instance:testCases.TC102_SearchHotelsTest@53f0a4cb]" started-at="2024-12-30T08:45:52 IST" name="logout" finished-at="2024-12-30T08:45:53 IST" duration-ms="1175" status="PASS">
          <reporter-output>
          </reporter-output>
        </test-method> <!-- logout -->
        <test-method is-config="true" signature="teardown()[pri:0, instance:testCases.TC102_SearchHotelsTest@53f0a4cb]" started-at="2024-12-30T08:45:53 IST" name="teardown" finished-at="2024-12-30T08:45:53 IST" duration-ms="224" status="PASS">
          <reporter-output>
          </reporter-output>
        </test-method> <!-- teardown -->
      </class> <!-- testCases.TC102_SearchHotelsTest -->
      <class name="testCases.TC104_BookHotelTest">
        <test-method is-config="true" signature="setup(java.lang.String,java.lang.String)[pri:0, instance:testCases.TC104_BookHotelTest@3d97a632]" started-at="2024-12-30T08:46:15 IST" name="setup" finished-at="2024-12-30T08:46:18 IST" duration-ms="3407" status="PASS">
          <params>
            <param index="0">
              <value>
                <![CDATA[Windows]]>
              </value>
            </param>
            <param index="1">
              <value>
                <![CDATA[chrome]]>
              </value>
            </param>
          </params>
          <reporter-output>
          </reporter-output>
        </test-method> <!-- setup -->
        <test-method signature="validlogin()[pri:1, instance:testCases.TC104_BookHotelTest@3d97a632]" started-at="2024-12-30T08:46:18 IST" name="validlogin" finished-at="2024-12-30T08:46:21 IST" duration-ms="2832" status="PASS">
          <reporter-output>
          </reporter-output>
        </test-method> <!-- validlogin -->
        <test-method signature="bookhotel()[pri:2, instance:testCases.TC104_BookHotelTest@3d97a632]" started-at="2024-12-30T08:46:21 IST" name="bookhotel" finished-at="2024-12-30T08:46:32 IST" duration-ms="10761" status="PASS">
          <reporter-output>
          </reporter-output>
        </test-method> <!-- bookhotel -->
        <test-method is-config="true" signature="teardown()[pri:0, instance:testCases.TC104_BookHotelTest@3d97a632]" started-at="2024-12-30T08:46:32 IST" name="teardown" finished-at="2024-12-30T08:46:32 IST" duration-ms="181" status="PASS">
          <reporter-output>
          </reporter-output>
        </test-method> <!-- teardown -->
      </class> <!-- testCases.TC104_BookHotelTest -->
      <class name="testCases.TC103_SelectHotelTest">
        <test-method is-config="true" signature="setup(java.lang.String,java.lang.String)[pri:0, instance:testCases.TC103_SelectHotelTest@77a7cf58]" started-at="2024-12-30T08:45:53 IST" name="setup" finished-at="2024-12-30T08:45:59 IST" duration-ms="5859" status="PASS">
          <params>
            <param index="0">
              <value>
                <![CDATA[Windows]]>
              </value>
            </param>
            <param index="1">
              <value>
                <![CDATA[chrome]]>
              </value>
            </param>
          </params>
          <reporter-output>
          </reporter-output>
        </test-method> <!-- setup -->
        <test-method is-config="true" signature="info_searchHotel()[pri:0, instance:testCases.TC103_SelectHotelTest@77a7cf58]" started-at="2024-12-30T08:45:59 IST" name="info_searchHotel" finished-at="2024-12-30T08:46:03 IST" duration-ms="3643" status="PASS">
          <reporter-output>
          </reporter-output>
        </test-method> <!-- info_searchHotel -->
        <test-method signature="valid_selectHotel()[pri:1, instance:testCases.TC103_SelectHotelTest@77a7cf58]" started-at="2024-12-30T08:46:03 IST" name="valid_selectHotel" finished-at="2024-12-30T08:46:04 IST" duration-ms="956" status="PASS">
          <reporter-output>
          </reporter-output>
        </test-method> <!-- valid_selectHotel -->
        <test-method is-config="true" signature="logout()[pri:0, instance:testCases.TC103_SelectHotelTest@77a7cf58]" started-at="2024-12-30T08:46:04 IST" name="logout" finished-at="2024-12-30T08:46:05 IST" duration-ms="1038" status="PASS">
          <reporter-output>
          </reporter-output>
        </test-method> <!-- logout -->
        <test-method is-config="true" signature="info_searchHotel()[pri:0, instance:testCases.TC103_SelectHotelTest@77a7cf58]" started-at="2024-12-30T08:46:05 IST" name="info_searchHotel" finished-at="2024-12-30T08:46:07 IST" duration-ms="2143" status="PASS">
          <reporter-output>
          </reporter-output>
        </test-method> <!-- info_searchHotel -->
        <test-method signature="validate_searchhotel()[pri:2, instance:testCases.TC103_SelectHotelTest@77a7cf58]" started-at="2024-12-30T08:46:07 IST" name="validate_searchhotel" finished-at="2024-12-30T08:46:07 IST" duration-ms="222" status="PASS">
          <reporter-output>
          </reporter-output>
        </test-method> <!-- validate_searchhotel -->
        <test-method is-config="true" signature="logout()[pri:0, instance:testCases.TC103_SelectHotelTest@77a7cf58]" started-at="2024-12-30T08:46:07 IST" name="logout" finished-at="2024-12-30T08:46:08 IST" duration-ms="974" status="PASS">
          <reporter-output>
          </reporter-output>
        </test-method> <!-- logout -->
        <test-method is-config="true" signature="info_searchHotel()[pri:0, instance:testCases.TC103_SelectHotelTest@77a7cf58]" started-at="2024-12-30T08:46:08 IST" name="info_searchHotel" finished-at="2024-12-30T08:46:10 IST" duration-ms="2148" status="PASS">
          <reporter-output>
          </reporter-output>
        </test-method> <!-- info_searchHotel -->
        <test-method signature="withoutSelect_hotel()[pri:3, instance:testCases.TC103_SelectHotelTest@77a7cf58]" started-at="2024-12-30T08:46:10 IST" name="withoutSelect_hotel" finished-at="2024-12-30T08:46:10 IST" duration-ms="80" status="PASS">
          <reporter-output>
          </reporter-output>
        </test-method> <!-- withoutSelect_hotel -->
        <test-method is-config="true" signature="logout()[pri:0, instance:testCases.TC103_SelectHotelTest@77a7cf58]" started-at="2024-12-30T08:46:10 IST" name="logout" finished-at="2024-12-30T08:46:11 IST" duration-ms="989" status="PASS">
          <reporter-output>
          </reporter-output>
        </test-method> <!-- logout -->
        <test-method is-config="true" signature="info_searchHotel()[pri:0, instance:testCases.TC103_SelectHotelTest@77a7cf58]" started-at="2024-12-30T08:46:11 IST" name="info_searchHotel" finished-at="2024-12-30T08:46:13 IST" duration-ms="2010" status="PASS">
          <reporter-output>
          </reporter-output>
        </test-method> <!-- info_searchHotel -->
        <test-method signature="priceCalculation()[pri:4, instance:testCases.TC103_SelectHotelTest@77a7cf58]" started-at="2024-12-30T08:46:13 IST" name="priceCalculation" finished-at="2024-12-30T08:46:14 IST" duration-ms="176" status="PASS">
          <reporter-output>
          </reporter-output>
        </test-method> <!-- priceCalculation -->
        <test-method is-config="true" signature="logout()[pri:0, instance:testCases.TC103_SelectHotelTest@77a7cf58]" started-at="2024-12-30T08:46:14 IST" name="logout" finished-at="2024-12-30T08:46:15 IST" duration-ms="947" status="PASS">
          <reporter-output>
          </reporter-output>
        </test-method> <!-- logout -->
        <test-method is-config="true" signature="teardown()[pri:0, instance:testCases.TC103_SelectHotelTest@77a7cf58]" started-at="2024-12-30T08:46:15 IST" name="teardown" finished-at="2024-12-30T08:46:15 IST" duration-ms="161" status="PASS">
          <reporter-output>
          </reporter-output>
        </test-method> <!-- teardown -->
      </class> <!-- testCases.TC103_SelectHotelTest -->
      <class name="testCases.TC101_LoginTestDDT">
        <test-method is-config="true" signature="setup(java.lang.String,java.lang.String)[pri:0, instance:testCases.TC101_LoginTestDDT@4d722ac9]" started-at="2024-12-30T08:43:52 IST" name="setup" finished-at="2024-12-30T08:43:56 IST" duration-ms="3798" status="PASS">
          <params>
            <param index="0">
              <value>
                <![CDATA[Windows]]>
              </value>
            </param>
            <param index="1">
              <value>
                <![CDATA[chrome]]>
              </value>
            </param>
          </params>
          <reporter-output>
          </reporter-output>
        </test-method> <!-- setup -->
        <test-method signature="verify_loginDDT(java.lang.String,java.lang.String,java.lang.String)[pri:0, instance:testCases.TC101_LoginTestDDT@4d722ac9]" started-at="2024-12-30T08:43:58 IST" name="verify_loginDDT" data-provider="LoginData" finished-at="2024-12-30T08:44:07 IST" duration-ms="8918" status="PASS">
          <params>
            <param index="0">
              <value>
                <![CDATA[Ganesh99]]>
              </value>
            </param>
            <param index="1">
              <value>
                <![CDATA[C6J112]]>
              </value>
            </param>
            <param index="2">
              <value>
                <![CDATA[Valid]]>
              </value>
            </param>
          </params>
          <reporter-output>
          </reporter-output>
        </test-method> <!-- verify_loginDDT -->
        <test-method signature="verify_loginDDT(java.lang.String,java.lang.String,java.lang.String)[pri:0, instance:testCases.TC101_LoginTestDDT@4d722ac9]" started-at="2024-12-30T08:44:07 IST" name="verify_loginDDT" data-provider="LoginData" finished-at="2024-12-30T08:44:21 IST" duration-ms="14004" status="PASS">
          <params>
            <param index="0">
              <value>
                <![CDATA[Raju]]>
              </value>
            </param>
            <param index="1">
              <value>
                <![CDATA[Sherman*345]]>
              </value>
            </param>
            <param index="2">
              <value>
                <![CDATA[InValid]]>
              </value>
            </param>
          </params>
          <reporter-output>
          </reporter-output>
        </test-method> <!-- verify_loginDDT -->
        <test-method signature="verify_loginDDT(java.lang.String,java.lang.String,java.lang.String)[pri:0, instance:testCases.TC101_LoginTestDDT@4d722ac9]" started-at="2024-12-30T08:44:21 IST" name="verify_loginDDT" data-provider="LoginData" finished-at="2024-12-30T08:44:35 IST" duration-ms="14279" status="PASS">
          <params>
            <param index="0">
              <value>
                <![CDATA[Dinesh]]>
              </value>
            </param>
            <param index="1">
              <value>
                <![CDATA[]]>
              </value>
            </param>
            <param index="2">
              <value>
                <![CDATA[Invalid]]>
              </value>
            </param>
          </params>
          <reporter-output>
          </reporter-output>
        </test-method> <!-- verify_loginDDT -->
        <test-method signature="verify_loginDDT(java.lang.String,java.lang.String,java.lang.String)[pri:0, instance:testCases.TC101_LoginTestDDT@4d722ac9]" started-at="2024-12-30T08:44:35 IST" name="verify_loginDDT" data-provider="LoginData" finished-at="2024-12-30T08:44:49 IST" duration-ms="14278" status="PASS">
          <params>
            <param index="0">
              <value>
                <![CDATA[]]>
              </value>
            </param>
            <param index="1">
              <value>
                <![CDATA[Aarthi54*]]>
              </value>
            </param>
            <param index="2">
              <value>
                <![CDATA[Invalid]]>
              </value>
            </param>
          </params>
          <reporter-output>
          </reporter-output>
        </test-method> <!-- verify_loginDDT -->
        <test-method signature="verify_loginDDT(java.lang.String,java.lang.String,java.lang.String)[pri:0, instance:testCases.TC101_LoginTestDDT@4d722ac9]" started-at="2024-12-30T08:44:49 IST" name="verify_loginDDT" data-provider="LoginData" finished-at="2024-12-30T08:45:03 IST" duration-ms="14315" status="PASS">
          <params>
            <param index="0">
              <value>
                <![CDATA[]]>
              </value>
            </param>
            <param index="1">
              <value>
                <![CDATA[]]>
              </value>
            </param>
            <param index="2">
              <value>
                <![CDATA[]]>
              </value>
            </param>
          </params>
          <reporter-output>
          </reporter-output>
        </test-method> <!-- verify_loginDDT -->
        <test-method is-config="true" signature="teardown()[pri:0, instance:testCases.TC101_LoginTestDDT@4d722ac9]" started-at="2024-12-30T08:45:03 IST" name="teardown" finished-at="2024-12-30T08:45:04 IST" duration-ms="202" status="PASS">
          <reporter-output>
          </reporter-output>
        </test-method> <!-- teardown -->
      </class> <!-- testCases.TC101_LoginTestDDT -->
      <class name="testCases.TC101_LoginTest">
        <test-method is-config="true" signature="setup(java.lang.String,java.lang.String)[pri:0, instance:testCases.TC101_LoginTest@a43ce46]" started-at="2024-12-30T08:43:45 IST" name="setup" finished-at="2024-12-30T08:43:49 IST" duration-ms="4757" status="PASS">
          <params>
            <param index="0">
              <value>
                <![CDATA[Windows]]>
              </value>
            </param>
            <param index="1">
              <value>
                <![CDATA[chrome]]>
              </value>
            </param>
          </params>
          <reporter-output>
          </reporter-output>
        </test-method> <!-- setup -->
        <test-method signature="Validlogin()[pri:1, instance:testCases.TC101_LoginTest@a43ce46]" started-at="2024-12-30T08:43:49 IST" name="Validlogin" finished-at="2024-12-30T08:43:52 IST" duration-ms="2572" status="PASS">
          <reporter-output>
          </reporter-output>
        </test-method> <!-- Validlogin -->
        <test-method is-config="true" signature="teardown()[pri:0, instance:testCases.TC101_LoginTest@a43ce46]" started-at="2024-12-30T08:43:52 IST" name="teardown" finished-at="2024-12-30T08:43:52 IST" duration-ms="194" status="PASS">
          <reporter-output>
          </reporter-output>
        </test-method> <!-- teardown -->
      </class> <!-- testCases.TC101_LoginTest -->
    </test> <!-- Test -->
  </suite> <!-- Suite -->
</testng-results>
